2020-09-22T15:49:29.4116897-04:00  [INF] Worker running at: 09/22/2020 15:49:29 -04:00 (73d86d1a)
2020-09-22T15:49:29.4191635-04:00  [INF] Application started. Press Ctrl+C to shut down. (dcaefe54)
2020-09-22T15:49:29.4210370-04:00  [INF] Hosting environment: "Development" (c3307c92)
2020-09-22T15:49:29.4227204-04:00  [INF] Content root path: "C:\Users\carlo\source\repos\SampleWorker\SampleWorker" (b5d60022)
2020-09-22T15:49:30.4322092-04:00  [INF] Worker running at: 09/22/2020 15:49:30 -04:00 (73d86d1a)
2020-09-22T15:49:31.4435981-04:00  [INF] Worker running at: 09/22/2020 15:49:31 -04:00 (73d86d1a)
2020-09-22T15:49:32.4471364-04:00  [INF] Worker running at: 09/22/2020 15:49:32 -04:00 (73d86d1a)
2020-09-22T15:49:33.4534265-04:00  [INF] Worker running at: 09/22/2020 15:49:33 -04:00 (73d86d1a)
2020-09-22T15:49:34.4652483-04:00  [INF] Worker running at: 09/22/2020 15:49:34 -04:00 (73d86d1a)
2020-09-22T15:49:35.4698235-04:00  [INF] Worker running at: 09/22/2020 15:49:35 -04:00 (73d86d1a)
2020-09-22T15:49:36.4744216-04:00  [INF] Worker running at: 09/22/2020 15:49:36 -04:00 (73d86d1a)
2020-09-22T15:49:37.4843002-04:00  [INF] Worker running at: 09/22/2020 15:49:37 -04:00 (73d86d1a)
2020-09-22T15:49:38.4876252-04:00  [INF] Worker running at: 09/22/2020 15:49:38 -04:00 (73d86d1a)
2020-09-22T15:49:39.4941480-04:00  [INF] Worker running at: 09/22/2020 15:49:39 -04:00 (73d86d1a)
2020-09-22T15:49:40.4971610-04:00  [INF] Worker running at: 09/22/2020 15:49:40 -04:00 (73d86d1a)
2020-09-22T15:49:41.5106651-04:00  [INF] Worker running at: 09/22/2020 15:49:41 -04:00 (73d86d1a)
2020-09-22T15:49:42.5133335-04:00  [INF] Worker running at: 09/22/2020 15:49:42 -04:00 (73d86d1a)
2020-09-22T15:49:43.5196438-04:00  [INF] Worker running at: 09/22/2020 15:49:43 -04:00 (73d86d1a)
2020-09-22T15:49:44.5226562-04:00  [INF] Worker running at: 09/22/2020 15:49:44 -04:00 (73d86d1a)
2020-09-22T15:49:45.5331068-04:00  [INF] Worker running at: 09/22/2020 15:49:45 -04:00 (73d86d1a)
2020-09-22T15:49:46.5358099-04:00  [INF] Worker running at: 09/22/2020 15:49:46 -04:00 (73d86d1a)
2020-09-22T15:49:47.5397203-04:00  [INF] Worker running at: 09/22/2020 15:49:47 -04:00 (73d86d1a)
2020-09-22T15:49:48.5463059-04:00  [INF] Worker running at: 09/22/2020 15:49:48 -04:00 (73d86d1a)
2020-09-22T15:49:49.5525724-04:00  [INF] Worker running at: 09/22/2020 15:49:49 -04:00 (73d86d1a)
2020-09-22T15:49:50.5555315-04:00  [INF] Worker running at: 09/22/2020 15:49:50 -04:00 (73d86d1a)
2020-09-22T15:49:51.5643123-04:00  [INF] Worker running at: 09/22/2020 15:49:51 -04:00 (73d86d1a)
2020-09-22T15:49:52.5678341-04:00  [INF] Worker running at: 09/22/2020 15:49:52 -04:00 (73d86d1a)
2020-09-22T15:49:53.5785536-04:00  [INF] Worker running at: 09/22/2020 15:49:53 -04:00 (73d86d1a)
2020-09-22T15:49:54.5819306-04:00  [INF] Worker running at: 09/22/2020 15:49:54 -04:00 (73d86d1a)
2020-09-22T15:49:55.5932442-04:00  [INF] Worker running at: 09/22/2020 15:49:55 -04:00 (73d86d1a)
2020-09-22T15:49:56.5967065-04:00  [INF] Worker running at: 09/22/2020 15:49:56 -04:00 (73d86d1a)
2020-09-22T15:49:56.6299764-04:00  [INF] Application is shutting down... (90f52c38)
2020-09-22T16:03:46.4818306-04:00  [ERR] Testing error (ce75d16c)
2020-09-22T16:03:46.5082631-04:00  [INF] Worker running at: 09/22/2020 16:03:46 -04:00 (73d86d1a)
2020-09-22T16:03:46.5187862-04:00  [INF] Application started. Press Ctrl+C to shut down. (dcaefe54)
2020-09-22T16:03:46.5234776-04:00  [INF] Hosting environment: "Development" (c3307c92)
2020-09-22T16:03:46.5273385-04:00  [INF] Content root path: "C:\Users\carlo\source\repos\SampleWorker\SampleWorker" (b5d60022)
2020-09-22T16:03:47.5186938-04:00  [INF] Worker running at: 09/22/2020 16:03:47 -04:00 (73d86d1a)
2020-09-22T16:03:48.5324235-04:00  [INF] Worker running at: 09/22/2020 16:03:48 -04:00 (73d86d1a)
2020-09-22T16:03:49.5369502-04:00  [INF] Worker running at: 09/22/2020 16:03:49 -04:00 (73d86d1a)
2020-09-22T16:03:50.5500455-04:00  [INF] Worker running at: 09/22/2020 16:03:50 -04:00 (73d86d1a)
2020-09-22T16:03:51.5632979-04:00  [INF] Worker running at: 09/22/2020 16:03:51 -04:00 (73d86d1a)
2020-09-22T16:03:52.5811820-04:00  [INF] Worker running at: 09/22/2020 16:03:52 -04:00 (73d86d1a)
2020-09-22T16:03:53.5852965-04:00  [INF] Worker running at: 09/22/2020 16:03:53 -04:00 (73d86d1a)
2020-09-22T16:03:54.5936384-04:00  [INF] Worker running at: 09/22/2020 16:03:54 -04:00 (73d86d1a)
2020-09-22T16:03:55.5977901-04:00  [INF] Worker running at: 09/22/2020 16:03:55 -04:00 (73d86d1a)
2020-09-22T16:03:56.6038559-04:00  [INF] Worker running at: 09/22/2020 16:03:56 -04:00 (73d86d1a)
2020-09-22T16:03:57.6071507-04:00  [INF] Worker running at: 09/22/2020 16:03:57 -04:00 (73d86d1a)
2020-09-22T16:03:58.6137312-04:00  [INF] Worker running at: 09/22/2020 16:03:58 -04:00 (73d86d1a)
2020-09-22T16:03:59.6167709-04:00  [INF] Worker running at: 09/22/2020 16:03:59 -04:00 (73d86d1a)
2020-09-22T16:04:00.6247875-04:00  [INF] Worker running at: 09/22/2020 16:04:00 -04:00 (73d86d1a)
2020-09-22T16:04:01.6279568-04:00  [INF] Worker running at: 09/22/2020 16:04:01 -04:00 (73d86d1a)
2020-09-22T16:04:02.6302468-04:00  [INF] Worker running at: 09/22/2020 16:04:02 -04:00 (73d86d1a)
2020-09-22T16:04:03.6352744-04:00  [INF] Worker running at: 09/22/2020 16:04:03 -04:00 (73d86d1a)
2020-09-22T16:04:04.6486723-04:00  [INF] Worker running at: 09/22/2020 16:04:04 -04:00 (73d86d1a)
2020-09-22T16:04:05.6517461-04:00  [INF] Worker running at: 09/22/2020 16:04:05 -04:00 (73d86d1a)
2020-09-22T16:04:06.6620903-04:00  [INF] Worker running at: 09/22/2020 16:04:06 -04:00 (73d86d1a)
2020-09-22T16:04:07.6646433-04:00  [INF] Worker running at: 09/22/2020 16:04:07 -04:00 (73d86d1a)
2020-09-22T16:04:08.6724592-04:00  [INF] Worker running at: 09/22/2020 16:04:08 -04:00 (73d86d1a)
2020-09-22T16:04:09.6767782-04:00  [INF] Worker running at: 09/22/2020 16:04:09 -04:00 (73d86d1a)
2020-09-22T16:04:10.6900681-04:00  [INF] Worker running at: 09/22/2020 16:04:10 -04:00 (73d86d1a)
2020-09-22T16:04:11.6920193-04:00  [INF] Worker running at: 09/22/2020 16:04:11 -04:00 (73d86d1a)
2020-09-22T16:04:12.7052287-04:00  [INF] Worker running at: 09/22/2020 16:04:12 -04:00 (73d86d1a)
2020-09-22T16:04:13.7087432-04:00  [INF] Worker running at: 09/22/2020 16:04:13 -04:00 (73d86d1a)
2020-09-22T16:04:14.7191645-04:00  [INF] Worker running at: 09/22/2020 16:04:14 -04:00 (73d86d1a)
2020-09-22T16:04:15.7230817-04:00  [INF] Worker running at: 09/22/2020 16:04:15 -04:00 (73d86d1a)
2020-09-22T16:04:16.7357248-04:00  [INF] Worker running at: 09/22/2020 16:04:16 -04:00 (73d86d1a)
2020-09-22T16:04:17.7540277-04:00  [INF] Worker running at: 09/22/2020 16:04:17 -04:00 (73d86d1a)
2020-09-22T16:04:18.7570416-04:00  [INF] Worker running at: 09/22/2020 16:04:18 -04:00 (73d86d1a)
2020-09-22T16:04:19.7593138-04:00  [INF] Worker running at: 09/22/2020 16:04:19 -04:00 (73d86d1a)
2020-09-22T16:04:20.7708670-04:00  [INF] Worker running at: 09/22/2020 16:04:20 -04:00 (73d86d1a)
2020-09-22T16:04:21.7742616-04:00  [INF] Worker running at: 09/22/2020 16:04:21 -04:00 (73d86d1a)
2020-09-22T16:04:22.7761254-04:00  [INF] Worker running at: 09/22/2020 16:04:22 -04:00 (73d86d1a)
2020-09-22T16:04:23.7792124-04:00  [INF] Worker running at: 09/22/2020 16:04:23 -04:00 (73d86d1a)
2020-09-22T16:04:24.7849201-04:00  [INF] Worker running at: 09/22/2020 16:04:24 -04:00 (73d86d1a)
2020-09-22T16:04:25.7024101-04:00  [INF] Application is shutting down... (90f52c38)
